Arguments: 
  C:\Program Files\nodejs\node.exe C:\Users\mahme\AppData\Roaming\npm\node_modules\yarn\bin\yarn.js add @react-native-community/async-storage

PATH: 
  C:\Program Files (x86)\Git\mingw32\bin;C:\Program Files (x86)\Git\usr\bin;C:\Users\mahme\bin;C:\Program Files (x86)\Common Files\Oracle\Java\javapath;C:\Program Files (x86)\Common Files\Oracle\Java\javapath%JAVA_HOME%\bin;C:\WINDOWS\system32;C:\WINDOWS;C:\WINDOWS\System32\Wbem;C:\WINDOWS\System32\WindowsPowerShell\v1.0;C:\WINDOWS\System32\OpenSSH;C:\Program Files (x86)\Git\cmd;C:\Program Files\nodejs;C:\Users\mahme\AppData\Local\Microsoft\WindowsApps;C:\Users\mahme\AppData\Local\atom\bin;C:\Users\mahme\AppData\Local\Microsoft\WindowsApps;C:\Modeltech_pe_edu_10.4a\win32pe_edu;C:\Users\mahme\AppData\Local\Programs\Microsoft VS Code\bin;C:\Users\mahme\AppData\Roaming\npm

Yarn version: 
  1.22.4

Node version: 
  13.12.0

Platform: 
  win32 x64

Trace: 
  Error: EPERM: operation not permitted, unlink 'C:\Users\mahme\Downloads\firestore\node_modules\@jest\console\node_modules\ansi-styles'

npm manifest: 
  {
    "name": "firestore",
    "version": "0.0.0",
    "description": "No description",
    "author": "",
    "private": true,
    "main": "node_modules/expo/AppEntry.js",
    "devDependencies": {
      "babel-preset-expo": "^7.0.0"
    },
    "scripts": {
      "start": "expo start",
      "android": "expo start --android",
      "ios": "expo start --ios",
      "web": "expo start --web",
      "eject": "expo eject"
    },
    "dependencies": {
      "@egjs/hammerjs": "^2.0.17",
      "@react-native-community/async-storage": "1.9.0",
      "@react-native-community/masked-view": "0.1.9",
      "@react-native-firebase/firestore": "6.4.0",
      "@react-navigation/compat": "5.1.8",
      "@react-navigation/drawer": "5.4.1",
      "@react-navigation/native": "5.1.5",
      "@react-navigation/stack": "5.2.10",
      "@types/js-base64": "2.3.1",
      "babel-preset-env": "1.7.0",
      "base-64": "0.1.0",
      "core-js": "3.6.5",
      "deep-assign": "^3.0.0",
      "expo": "37.0.0",
      "firebase": "7.14.0",
      "js-base64": "2.5.2",
      "navigation": "5.2.0",
      "react": "16.9.0",
      "react-dom": "16.13.1",
      "react-native": "https://github.com/expo/react-native/archive/sdk-37.0.0.tar.gz",
      "react-native-gesture-handler": "~1.6.0",
      "react-native-reanimated": "1.8.0",
      "react-native-safe-area-context": "0.7.3",
      "react-native-screens": "2.4.0",
      "react-native-web": "0.12.2",
      "react-navigation": "latest",
      "react-navigation-drawer": "2.4.11",
      "react-navigation-stack": "latest",
      "realm": "5.0.3",
      "redux": "4.0.0"
    },
    "license": "ISC"
  }

yarn manifest: 
  No manifest

Lockfile: 
  No lockfile
